[debug] [2018-04-27T18:09:27.751Z] ----------------------------------------------------------------------
[debug] [2018-04-27T18:09:27.751Z] Command:       D:\nodejs\node.exe C:\Users\Elvira\AppData\Roaming\npm\node_modules\firebase-tools\bin\firebase deploy
[debug] [2018-04-27T18:09:27.751Z] CLI Version:   3.18.4
[debug] [2018-04-27T18:09:27.751Z] Platform:      win32
[debug] [2018-04-27T18:09:27.751Z] Node Version:  v8.11.1
[debug] [2018-04-27T18:09:27.751Z] Time:          Fri Apr 27 2018 21:09:27 GMT+0300 (RTZ 2 (зима))
[debug] [2018-04-27T18:09:27.751Z] ----------------------------------------------------------------------
[debug] 
[debug] [2018-04-27T18:09:27.767Z] > command requires scopes: ["email","openid","https://www.googleapis.com/auth/cloudplatformprojects.readonly","https://www.googleapis.com/auth/firebase","https://www.googleapis.com/auth/cloud-platform"]
[debug] [2018-04-27T18:09:27.767Z] > authorizing via signed-in user
[debug] [2018-04-27T18:09:27.782Z] > refreshing access token with scopes: ["email","https://www.googleapis.com/auth/cloud-platform","https://www.googleapis.com/auth/cloudplatformprojects.readonly","https://www.googleapis.com/auth/firebase","openid"]
[debug] [2018-04-27T18:09:27.782Z] >>> HTTP REQUEST POST https://www.googleapis.com/oauth2/v3/token  
 { refresh_token: '1/2IrI0YPlYcbGGDibAWuRvaT3JFj9KY1z6UtnWHaKyqcqyuTZPaAvEBDRw_aL4zBJ',
  client_id: '563584335869-fgrhgmd47bqnekij5i8b5pr03ho849e6.apps.googleusercontent.com',
  client_secret: 'j9iVZfS8kkCEFUPaAeJV0sAi',
  grant_type: 'refresh_token',
  scope: 'email https://www.googleapis.com/auth/cloud-platform https://www.googleapis.com/auth/cloudplatformprojects.readonly https://www.googleapis.com/auth/firebase openid' } 
 Fri Apr 27 2018 21:09:27 GMT+0300 (RTZ 2 (зима))
[debug] [2018-04-27T18:09:28.083Z] <<< HTTP RESPONSE 200
[debug] [2018-04-27T18:09:28.130Z] >>> HTTP REQUEST GET https://admin.firebase.com/v1/projects/pwa-experiment-aecdf  
  
 Fri Apr 27 2018 21:09:28 GMT+0300 (RTZ 2 (зима))
[debug] [2018-04-27T18:09:28.984Z] <<< HTTP RESPONSE 200
[debug] [2018-04-27T18:09:28.984Z] >>> HTTP REQUEST GET https://admin.firebase.com/v1/database/pwa-experiment-aecdf/tokens  
  
 Fri Apr 27 2018 21:09:28 GMT+0300 (RTZ 2 (зима))
[debug] [2018-04-27T18:09:29.779Z] <<< HTTP RESPONSE 200
